<?xml version="1.0" encoding="UTF-8"?>
<!-- Generated by org.testng.reporters.JUnitReportReporter -->
<testsuite hostname="LTIN559765" failures="0" tests="3" name="Runner.runnerClass" time="58.132" errors="0" timestamp="2024-06-18T15:10:04 IST" skipped="0">
  <testcase classname="Runner.runnerClass" name="runScenario" time="26.963"/>
  <testcase classname="Runner.runnerClass" name="runScenario" time="20.439"/>
  <testcase classname="Runner.runnerClass" name="runScenario" time="10.730"/>
</testsuite> <!-- Runner.runnerClass -->
